PLINK v1.90b3c 64-bit (2 Feb 2015) 
3 arguments: --genome --vcf brca1.merged.sample_set.vcf.gz
Hostname: scg3-1-3.local
Working directory: /srv/gsfs0/projects/mvp/Pilot/analysis/sample_set/brca1
Start time: Thu Feb 19 23:50:17 2015

Random number seed: 1424418617
387654 MB RAM detected; reserving 193827 MB for main workspace.
Allocated 8185 MB successfully, after larger attempt(s) failed.
--vcf: plink-temporary.bed + plink-temporary.bim + plink-temporary.fam written.
81239 variants loaded from .bim file.
5 people (0 males, 0 females, 5 ambiguous) loaded from .fam.
Ambiguous sex IDs written to plink.nosex .
Using up to 47 threads (change this with --threads).
Before main variant filters, 5 founders and 0 nonfounders present.
Calculating allele frequencies... done.
Total genotyping rate is 0.997605.
81239 variants and 5 people pass filters and QC.
Note: No phenotypes present.
IBD calculations complete.
Finished writing plink.genome .

End time: Thu Feb 19 23:50:17 2015
